2013-10-15 13:18:20 [INFO] Starting minecraft server version 1.6.4
2013-10-15 13:18:21 [INFO] MinecraftForge v
2013-10-15 13:18:21 [INFO] 9.11.1.933
2013-10-15 13:18:21 [INFO]  Initialized

2013-10-15 13:18:21 [INFO] Replaced 101 ore recipies
2013-10-15 13:18:22 [INFO] Loading properties
2013-10-15 13:18:22 [WARNING] server.properties does not exist
2013-10-15 13:18:22 [INFO] Generating new properties file
2013-10-15 13:18:22 [INFO] Default game type: SURVIVAL
2013-10-15 13:18:23 [INFO] This server is running MCPC+ version git-MCPC-Plus-jenkins-MCPC-Plus-98 (MC: 1.6.4) (Implementing API version 1.6.4-R0.1-SNAPSHOT)
2013-10-15 13:18:23 [SEVERE] This version of MCPC+ handles chunk loading better if load-chunk-on-request is set to false. Please consider changing this value in your bukkit.yml
2013-10-15 13:18:23 [WARNING] Failed to load operators list: java.io.FileNotFoundException: .\ops.txt (Le fichier spécifié est introuvable)
2013-10-15 13:18:23 [WARNING] Failed to load white-list: java.io.FileNotFoundException: .\white-list.txt (Le fichier spécifié est introuvable)
2013-10-15 13:18:23 [INFO] Generating keypair
2013-10-15 13:18:23 [INFO] Starting Minecraft server on *:25565
2013-10-15 13:18:23 [INFO] Preparing level "world"
2013-10-15 13:18:23 [INFO] Registered command debug with permission node vanilla.command.debug
2013-10-15 13:18:23 [INFO] Registered command spreadplayers with permission node vanilla.command.spreadplayers
2013-10-15 13:18:23 [INFO] Registered command playsound with permission node vanilla.command.playsound
2013-10-15 13:18:23 [INFO] Registered command scoreboard with permission node vanilla.command.scoreboard
2013-10-15 13:18:24 [INFO] -------- World Settings For [world] --------
2013-10-15 13:18:24 [INFO] Chunks to Grow per Tick: 650
2013-10-15 13:18:24 [INFO] Experience Merge Radius: 3.0
2013-10-15 13:18:24 [INFO] View Distance: 10
2013-10-15 13:18:24 [INFO] Random Lighting Updates: false
2013-10-15 13:18:24 [INFO] Anti X-Ray: false
2013-10-15 13:18:24 [INFO] 	Engine Mode: 1
2013-10-15 13:18:24 [INFO] 	Blocks: [1, 5, 14, 15, 16, 21, 48, 49, 54, 56, 73, 74, 82, 129, 130]
2013-10-15 13:18:24 [INFO] Hopper Transfer: 8 Hopper Check: 8
2013-10-15 13:18:24 [INFO] Mob Spawn Range: 4
2013-10-15 13:18:24 [INFO] Entity Activation Range: An 32 / Mo 32 / Mi 16
2013-10-15 13:18:24 [INFO] Cactus Growth Modifier: 100%
2013-10-15 13:18:24 [INFO] Cane Growth Modifier: 100%
2013-10-15 13:18:24 [INFO] Melon Growth Modifier: 100%
2013-10-15 13:18:24 [INFO] Mushroom Growth Modifier: 100%
2013-10-15 13:18:24 [INFO] Pumpkin Growth Modifier: 100%
2013-10-15 13:18:24 [INFO] Sapling Growth Modifier: 100%
2013-10-15 13:18:24 [INFO] Wheat Growth Modifier: 100%
2013-10-15 13:18:24 [INFO] Structure Info Saving: true
2013-10-15 13:18:24 [INFO] Entity Tracking Range: Pl 48 / An 48 / Mo 48 / Mi 32 / Other 64
2013-10-15 13:18:24 [INFO] Item Despawn Rate: 6000
2013-10-15 13:18:24 [INFO] Item Merge Radius: 2.5
2013-10-15 13:18:24 [INFO] -------- World Settings For [DIM1] --------
2013-10-15 13:18:24 [INFO] Chunks to Grow per Tick: 650
2013-10-15 13:18:24 [INFO] Experience Merge Radius: 3.0
2013-10-15 13:18:24 [INFO] View Distance: 10
2013-10-15 13:18:24 [INFO] Random Lighting Updates: false
2013-10-15 13:18:24 [INFO] Anti X-Ray: false
2013-10-15 13:18:24 [INFO] 	Engine Mode: 1
2013-10-15 13:18:24 [INFO] 	Blocks: [1, 5, 14, 15, 16, 21, 48, 49, 54, 56, 73, 74, 82, 129, 130]
2013-10-15 13:18:24 [INFO] Hopper Transfer: 8 Hopper Check: 8
2013-10-15 13:18:24 [INFO] Mob Spawn Range: 4
2013-10-15 13:18:24 [INFO] Entity Activation Range: An 32 / Mo 32 / Mi 16
2013-10-15 13:18:24 [INFO] Cactus Growth Modifier: 100%
2013-10-15 13:18:24 [INFO] Cane Growth Modifier: 100%
2013-10-15 13:18:24 [INFO] Melon Growth Modifier: 100%
2013-10-15 13:18:24 [INFO] Mushroom Growth Modifier: 100%
2013-10-15 13:18:24 [INFO] Pumpkin Growth Modifier: 100%
2013-10-15 13:18:24 [INFO] Sapling Growth Modifier: 100%
2013-10-15 13:18:24 [INFO] Wheat Growth Modifier: 100%
2013-10-15 13:18:24 [INFO] Structure Info Saving: true
2013-10-15 13:18:24 [INFO] Entity Tracking Range: Pl 48 / An 48 / Mo 48 / Mi 32 / Other 64
2013-10-15 13:18:24 [INFO] Item Despawn Rate: 6000
2013-10-15 13:18:24 [INFO] Item Merge Radius: 2.5
2013-10-15 13:18:24 [INFO] -------- World Settings For [DIM-1] --------
2013-10-15 13:18:24 [INFO] Chunks to Grow per Tick: 650
2013-10-15 13:18:24 [INFO] Experience Merge Radius: 3.0
2013-10-15 13:18:24 [INFO] View Distance: 10
2013-10-15 13:18:24 [INFO] Random Lighting Updates: false
2013-10-15 13:18:24 [INFO] Anti X-Ray: false
2013-10-15 13:18:24 [INFO] 	Engine Mode: 1
2013-10-15 13:18:24 [INFO] 	Blocks: [1, 5, 14, 15, 16, 21, 48, 49, 54, 56, 73, 74, 82, 129, 130]
2013-10-15 13:18:24 [INFO] Hopper Transfer: 8 Hopper Check: 8
2013-10-15 13:18:24 [INFO] Mob Spawn Range: 4
2013-10-15 13:18:24 [INFO] Entity Activation Range: An 32 / Mo 32 / Mi 16
2013-10-15 13:18:24 [INFO] Cactus Growth Modifier: 100%
2013-10-15 13:18:24 [INFO] Cane Growth Modifier: 100%
2013-10-15 13:18:24 [INFO] Melon Growth Modifier: 100%
2013-10-15 13:18:24 [INFO] Mushroom Growth Modifier: 100%
2013-10-15 13:18:24 [INFO] Pumpkin Growth Modifier: 100%
2013-10-15 13:18:24 [INFO] Sapling Growth Modifier: 100%
2013-10-15 13:18:24 [INFO] Wheat Growth Modifier: 100%
2013-10-15 13:18:24 [INFO] Structure Info Saving: true
2013-10-15 13:18:24 [INFO] Entity Tracking Range: Pl 48 / An 48 / Mo 48 / Mi 32 / Other 64
2013-10-15 13:18:24 [INFO] Item Despawn Rate: 6000
2013-10-15 13:18:24 [INFO] Item Merge Radius: 2.5
2013-10-15 13:18:24 [INFO] Preparing start region for level 0 (Dimension: 0, Seed: 5016672573628497892)
2013-10-15 13:18:25 [INFO] Preparing spawn area: 14%
2013-10-15 13:18:26 [INFO] Preparing spawn area: 38%
2013-10-15 13:18:27 [INFO] Preparing spawn area: 61%
2013-10-15 13:18:28 [INFO] Preparing spawn area: 85%
2013-10-15 13:18:29 [INFO] Preparing start region for level 1 (Dimension: 1, Seed: 5016672573628497892)
2013-10-15 13:18:30 [INFO] Preparing spawn area: 58%
2013-10-15 13:18:30 [INFO] Preparing start region for level 2 (Dimension: -1, Seed: 5016672573628497892)
2013-10-15 13:18:31 [INFO] Preparing spawn area: 24%
2013-10-15 13:18:32 [INFO] Preparing spawn area: 41%
2013-10-15 13:18:33 [INFO] Preparing spawn area: 68%
2013-10-15 13:18:34 [INFO] Preparing spawn area: 90%
2013-10-15 13:18:35 [INFO] Done (11.190s)! For help, type "help" or "?"
2013-10-15 13:18:35 [INFO] Registered command forge with permission node net.minecraftforge.server.command.ForgeCommand
2013-10-15 13:33:45 [INFO] Unknown command. Type "help" for help.[m
2013-10-15 13:33:48 [INFO] CONSOLE: Stopping the server..[m
2013-10-15 13:33:48 [INFO] Stopping server
2013-10-15 13:33:48 [INFO] Saving players
2013-10-15 13:33:48 [INFO] Saving worlds
2013-10-15 13:33:48 [INFO] Saving chunks for level 'world'/Overworld
2013-10-15 13:33:48 [WARNING] DSCT: socket closed
2013-10-15 13:33:48 [INFO] Closing listening thread
2013-10-15 13:33:49 [INFO] Saving chunks for level 'DIM-1'/Nether
2013-10-15 13:33:49 [INFO] Stopping server
2013-10-15 13:34:11 [INFO] Starting minecraft server version 1.6.4
2013-10-15 13:34:11 [INFO] MinecraftForge v
2013-10-15 13:34:11 [INFO] 9.11.1.933
2013-10-15 13:34:11 [INFO]  Initialized

2013-10-15 13:34:11 [INFO] Replaced 101 ore recipies
2013-10-15 13:34:13 [INFO] Loading properties
2013-10-15 13:34:13 [INFO] Default game type: SURVIVAL
2013-10-15 13:34:13 [INFO] This server is running MCPC+ version git-MCPC-Plus-jenkins-MCPC-Plus-98 (MC: 1.6.4) (Implementing API version 1.6.4-R0.1-SNAPSHOT)
2013-10-15 13:34:14 [SEVERE] This version of MCPC+ handles chunk loading better if load-chunk-on-request is set to false. Please consider changing this value in your bukkit.yml
2013-10-15 13:34:14 [INFO] Generating keypair
2013-10-15 13:34:14 [INFO] Starting Minecraft server on *:25565
2013-10-15 13:34:14 [INFO] Preparing level "world"
2013-10-15 13:34:14 [INFO] Registered command debug with permission node vanilla.command.debug
2013-10-15 13:34:14 [INFO] Registered command spreadplayers with permission node vanilla.command.spreadplayers
2013-10-15 13:34:14 [INFO] Registered command playsound with permission node vanilla.command.playsound
2013-10-15 13:34:14 [INFO] Registered command scoreboard with permission node vanilla.command.scoreboard
2013-10-15 13:34:14 [INFO] -------- World Settings For [world] --------
2013-10-15 13:34:14 [INFO] Item Merge Radius: 2.5
2013-10-15 13:34:14 [INFO] View Distance: 10
2013-10-15 13:34:14 [INFO] Experience Merge Radius: 3.0
2013-10-15 13:34:14 [INFO] Item Despawn Rate: 6000
2013-10-15 13:34:14 [INFO] Chunks to Grow per Tick: 650
2013-10-15 13:34:14 [INFO] Entity Activation Range: An 32 / Mo 32 / Mi 16
2013-10-15 13:34:14 [INFO] Cactus Growth Modifier: 100%
2013-10-15 13:34:14 [INFO] Cane Growth Modifier: 100%
2013-10-15 13:34:14 [INFO] Melon Growth Modifier: 100%
2013-10-15 13:34:14 [INFO] Mushroom Growth Modifier: 100%
2013-10-15 13:34:14 [INFO] Pumpkin Growth Modifier: 100%
2013-10-15 13:34:14 [INFO] Sapling Growth Modifier: 100%
2013-10-15 13:34:14 [INFO] Wheat Growth Modifier: 100%
2013-10-15 13:34:14 [INFO] Structure Info Saving: true
2013-10-15 13:34:14 [INFO] Mob Spawn Range: 4
2013-10-15 13:34:14 [INFO] Entity Tracking Range: Pl 48 / An 48 / Mo 48 / Mi 32 / Other 64
2013-10-15 13:34:14 [INFO] Hopper Transfer: 8 Hopper Check: 8
2013-10-15 13:34:14 [INFO] Anti X-Ray: false
2013-10-15 13:34:14 [INFO] 	Engine Mode: 1
2013-10-15 13:34:14 [INFO] 	Blocks: [1, 5, 14, 15, 16, 21, 48, 49, 54, 56, 73, 74, 82, 129, 130]
2013-10-15 13:34:14 [INFO] Random Lighting Updates: false
2013-10-15 13:34:15 [INFO] -------- World Settings For [DIM1] --------
2013-10-15 13:34:15 [INFO] Item Merge Radius: 2.5
2013-10-15 13:34:15 [INFO] View Distance: 10
2013-10-15 13:34:15 [INFO] Experience Merge Radius: 3.0
2013-10-15 13:34:15 [INFO] Item Despawn Rate: 6000
2013-10-15 13:34:15 [INFO] Chunks to Grow per Tick: 650
2013-10-15 13:34:15 [INFO] Entity Activation Range: An 32 / Mo 32 / Mi 16
2013-10-15 13:34:15 [INFO] Cactus Growth Modifier: 100%
2013-10-15 13:34:15 [INFO] Cane Growth Modifier: 100%
2013-10-15 13:34:15 [INFO] Melon Growth Modifier: 100%
2013-10-15 13:34:15 [INFO] Mushroom Growth Modifier: 100%
2013-10-15 13:34:15 [INFO] Pumpkin Growth Modifier: 100%
2013-10-15 13:34:15 [INFO] Sapling Growth Modifier: 100%
2013-10-15 13:34:15 [INFO] Wheat Growth Modifier: 100%
2013-10-15 13:34:15 [INFO] Structure Info Saving: true
2013-10-15 13:34:15 [INFO] Mob Spawn Range: 4
2013-10-15 13:34:15 [INFO] Entity Tracking Range: Pl 48 / An 48 / Mo 48 / Mi 32 / Other 64
2013-10-15 13:34:15 [INFO] Hopper Transfer: 8 Hopper Check: 8
2013-10-15 13:34:15 [INFO] Anti X-Ray: false
2013-10-15 13:34:15 [INFO] 	Engine Mode: 1
2013-10-15 13:34:15 [INFO] 	Blocks: [1, 5, 14, 15, 16, 21, 48, 49, 54, 56, 73, 74, 82, 129, 130]
2013-10-15 13:34:15 [INFO] Random Lighting Updates: false
2013-10-15 13:34:15 [INFO] -------- World Settings For [DIM-1] --------
2013-10-15 13:34:15 [INFO] Item Merge Radius: 2.5
2013-10-15 13:34:15 [INFO] View Distance: 10
2013-10-15 13:34:15 [INFO] Experience Merge Radius: 3.0
2013-10-15 13:34:15 [INFO] Item Despawn Rate: 6000
2013-10-15 13:34:15 [INFO] Chunks to Grow per Tick: 650
2013-10-15 13:34:15 [INFO] Entity Activation Range: An 32 / Mo 32 / Mi 16
2013-10-15 13:34:15 [INFO] Cactus Growth Modifier: 100%
2013-10-15 13:34:15 [INFO] Cane Growth Modifier: 100%
2013-10-15 13:34:15 [INFO] Melon Growth Modifier: 100%
2013-10-15 13:34:15 [INFO] Mushroom Growth Modifier: 100%
2013-10-15 13:34:15 [INFO] Pumpkin Growth Modifier: 100%
2013-10-15 13:34:15 [INFO] Sapling Growth Modifier: 100%
2013-10-15 13:34:15 [INFO] Wheat Growth Modifier: 100%
2013-10-15 13:34:15 [INFO] Structure Info Saving: true
2013-10-15 13:34:15 [INFO] Mob Spawn Range: 4
2013-10-15 13:34:15 [INFO] Entity Tracking Range: Pl 48 / An 48 / Mo 48 / Mi 32 / Other 64
2013-10-15 13:34:15 [INFO] Hopper Transfer: 8 Hopper Check: 8
2013-10-15 13:34:15 [INFO] Anti X-Ray: false
2013-10-15 13:34:15 [INFO] 	Engine Mode: 1
2013-10-15 13:34:15 [INFO] 	Blocks: [1, 5, 14, 15, 16, 21, 48, 49, 54, 56, 73, 74, 82, 129, 130]
2013-10-15 13:34:15 [INFO] Random Lighting Updates: false
2013-10-15 13:34:15 [INFO] Preparing start region for level 0 (Dimension: 0, Seed: 5016672573628497892)
2013-10-15 13:34:15 [INFO] Preparing start region for level 1 (Dimension: 1, Seed: -5031407412177506058)
2013-10-15 13:34:16 [INFO] Preparing start region for level 2 (Dimension: -1, Seed: -5031407412177506058)
2013-10-15 13:34:16 [INFO] Server permissions file permissions.yml is empty, ignoring it
2013-10-15 13:34:16 [INFO] Done (1.649s)! For help, type "help" or "?"
2013-10-15 13:34:16 [INFO] Registered command forge with permission node net.minecraftforge.server.command.ForgeCommand
2013-10-15 13:54:56 [INFO] Starting minecraft server version 1.6.4
2013-10-15 13:54:56 [INFO] MinecraftForge v
2013-10-15 13:54:56 [INFO] 9.11.1.933
2013-10-15 13:54:56 [INFO]  Initialized

2013-10-15 13:54:56 [INFO] Replaced 101 ore recipies
2013-10-15 13:54:58 [INFO] Loading properties
2013-10-15 13:54:58 [INFO] Default game type: SURVIVAL
2013-10-15 13:54:59 [INFO] This server is running MCPC+ version git-MCPC-Plus-jenkins-MCPC-Plus-98 (MC: 1.6.4) (Implementing API version 1.6.4-R0.1-SNAPSHOT)
2013-10-15 13:54:59 [SEVERE] This version of MCPC+ handles chunk loading better if load-chunk-on-request is set to false. Please consider changing this value in your bukkit.yml
2013-10-15 13:54:59 [INFO] Generating keypair
2013-10-15 13:54:59 [INFO] Starting Minecraft server on *:25565
2013-10-15 13:54:59 [INFO] Preparing level "world"
2013-10-15 13:54:59 [INFO] Registered command debug with permission node vanilla.command.debug
2013-10-15 13:54:59 [INFO] Registered command spreadplayers with permission node vanilla.command.spreadplayers
2013-10-15 13:54:59 [INFO] Registered command playsound with permission node vanilla.command.playsound
2013-10-15 13:54:59 [INFO] Registered command scoreboard with permission node vanilla.command.scoreboard
2013-10-15 13:54:59 [INFO] -------- World Settings For [world] --------
2013-10-15 13:54:59 [INFO] Chunks to Grow per Tick: 650
2013-10-15 13:54:59 [INFO] Entity Tracking Range: Pl 48 / An 48 / Mo 48 / Mi 32 / Other 64
2013-10-15 13:54:59 [INFO] View Distance: 10
2013-10-15 13:54:59 [INFO] Experience Merge Radius: 3.0
2013-10-15 13:54:59 [INFO] Item Despawn Rate: 6000
2013-10-15 13:54:59 [INFO] Item Merge Radius: 2.5
2013-10-15 13:54:59 [INFO] Anti X-Ray: false
2013-10-15 13:54:59 [INFO] 	Engine Mode: 1
2013-10-15 13:54:59 [INFO] 	Blocks: [1, 5, 14, 15, 16, 21, 48, 49, 54, 56, 73, 74, 82, 129, 130]
2013-10-15 13:54:59 [INFO] Hopper Transfer: 8 Hopper Check: 8
2013-10-15 13:54:59 [INFO] Random Lighting Updates: false
2013-10-15 13:54:59 [INFO] Mob Spawn Range: 4
2013-10-15 13:54:59 [INFO] Entity Activation Range: An 32 / Mo 32 / Mi 16
2013-10-15 13:54:59 [INFO] Structure Info Saving: true
2013-10-15 13:54:59 [INFO] Cactus Growth Modifier: 100%
2013-10-15 13:54:59 [INFO] Cane Growth Modifier: 100%
2013-10-15 13:54:59 [INFO] Melon Growth Modifier: 100%
2013-10-15 13:54:59 [INFO] Mushroom Growth Modifier: 100%
2013-10-15 13:54:59 [INFO] Pumpkin Growth Modifier: 100%
2013-10-15 13:54:59 [INFO] Sapling Growth Modifier: 100%
2013-10-15 13:54:59 [INFO] Wheat Growth Modifier: 100%
2013-10-15 13:55:00 [INFO] -------- World Settings For [DIM1] --------
2013-10-15 13:55:00 [INFO] Chunks to Grow per Tick: 650
2013-10-15 13:55:00 [INFO] Entity Tracking Range: Pl 48 / An 48 / Mo 48 / Mi 32 / Other 64
2013-10-15 13:55:00 [INFO] View Distance: 10
2013-10-15 13:55:00 [INFO] Experience Merge Radius: 3.0
2013-10-15 13:55:00 [INFO] Item Despawn Rate: 6000
2013-10-15 13:55:00 [INFO] Item Merge Radius: 2.5
2013-10-15 13:55:00 [INFO] Anti X-Ray: false
2013-10-15 13:55:00 [INFO] 	Engine Mode: 1
2013-10-15 13:55:00 [INFO] 	Blocks: [1, 5, 14, 15, 16, 21, 48, 49, 54, 56, 73, 74, 82, 129, 130]
2013-10-15 13:55:00 [INFO] Hopper Transfer: 8 Hopper Check: 8
2013-10-15 13:55:00 [INFO] Random Lighting Updates: false
2013-10-15 13:55:00 [INFO] Mob Spawn Range: 4
2013-10-15 13:55:00 [INFO] Entity Activation Range: An 32 / Mo 32 / Mi 16
2013-10-15 13:55:00 [INFO] Structure Info Saving: true
2013-10-15 13:55:00 [INFO] Cactus Growth Modifier: 100%
2013-10-15 13:55:00 [INFO] Cane Growth Modifier: 100%
2013-10-15 13:55:00 [INFO] Melon Growth Modifier: 100%
2013-10-15 13:55:00 [INFO] Mushroom Growth Modifier: 100%
2013-10-15 13:55:00 [INFO] Pumpkin Growth Modifier: 100%
2013-10-15 13:55:00 [INFO] Sapling Growth Modifier: 100%
2013-10-15 13:55:00 [INFO] Wheat Growth Modifier: 100%
2013-10-15 13:55:00 [INFO] -------- World Settings For [DIM-1] --------
2013-10-15 13:55:00 [INFO] Chunks to Grow per Tick: 650
2013-10-15 13:55:00 [INFO] Entity Tracking Range: Pl 48 / An 48 / Mo 48 / Mi 32 / Other 64
2013-10-15 13:55:00 [INFO] View Distance: 10
2013-10-15 13:55:00 [INFO] Experience Merge Radius: 3.0
2013-10-15 13:55:00 [INFO] Item Despawn Rate: 6000
2013-10-15 13:55:00 [INFO] Item Merge Radius: 2.5
2013-10-15 13:55:00 [INFO] Anti X-Ray: false
2013-10-15 13:55:00 [INFO] 	Engine Mode: 1
2013-10-15 13:55:00 [INFO] 	Blocks: [1, 5, 14, 15, 16, 21, 48, 49, 54, 56, 73, 74, 82, 129, 130]
2013-10-15 13:55:00 [INFO] Hopper Transfer: 8 Hopper Check: 8
2013-10-15 13:55:00 [INFO] Random Lighting Updates: false
2013-10-15 13:55:00 [INFO] Mob Spawn Range: 4
2013-10-15 13:55:00 [INFO] Entity Activation Range: An 32 / Mo 32 / Mi 16
2013-10-15 13:55:00 [INFO] Structure Info Saving: true
2013-10-15 13:55:00 [INFO] Cactus Growth Modifier: 100%
2013-10-15 13:55:00 [INFO] Cane Growth Modifier: 100%
2013-10-15 13:55:00 [INFO] Melon Growth Modifier: 100%
2013-10-15 13:55:00 [INFO] Mushroom Growth Modifier: 100%
2013-10-15 13:55:00 [INFO] Pumpkin Growth Modifier: 100%
2013-10-15 13:55:00 [INFO] Sapling Growth Modifier: 100%
2013-10-15 13:55:00 [INFO] Wheat Growth Modifier: 100%
2013-10-15 13:55:00 [INFO] Preparing start region for level 0 (Dimension: 0, Seed: 5016672573628497892)
2013-10-15 13:55:00 [INFO] Preparing start region for level 1 (Dimension: 1, Seed: -9163083686697712935)
2013-10-15 13:55:00 [INFO] Preparing start region for level 2 (Dimension: -1, Seed: -9163083686697712935)
2013-10-15 13:55:01 [INFO] Server permissions file permissions.yml is empty, ignoring it
2013-10-15 13:55:01 [INFO] Done (1.547s)! For help, type "help" or "?"
2013-10-15 13:55:01 [INFO] Registered command forge with permission node net.minecraftforge.server.command.ForgeCommand
2013-10-15 13:55:08 [INFO] CONSOLE: Stopping the server..[m
2013-10-15 13:55:08 [INFO] Stopping server
2013-10-15 13:55:08 [INFO] Saving players
2013-10-15 13:55:08 [INFO] Saving worlds
2013-10-15 13:55:08 [INFO] Saving chunks for level 'world'/Overworld
2013-10-15 13:55:08 [WARNING] DSCT: socket closed
2013-10-15 13:55:08 [INFO] Closing listening thread
2013-10-15 13:55:08 [INFO] Saving chunks for level 'DIM1'/The End
2013-10-15 13:55:08 [INFO] Saving chunks for level 'DIM-1'/Nether
2013-10-15 14:22:52 [INFO] Starting minecraft server version 1.6.4
2013-10-15 14:22:52 [INFO] MinecraftForge v
2013-10-15 14:22:52 [INFO] 9.11.1.933
2013-10-15 14:22:52 [INFO]  Initialized

2013-10-15 14:22:52 [INFO] Replaced 101 ore recipies
2013-10-15 14:22:55 [INFO] Loading properties
2013-10-15 14:22:55 [INFO] Default game type: SURVIVAL
2013-10-15 14:22:55 [INFO] This server is running MCPC+ version git-MCPC-Plus-jenkins-MCPC-Plus-98 (MC: 1.6.4) (Implementing API version 1.6.4-R0.1-SNAPSHOT)
2013-10-15 14:22:55 [SEVERE] This version of MCPC+ handles chunk loading better if load-chunk-on-request is set to false. Please consider changing this value in your bukkit.yml
2013-10-15 14:22:55 [INFO] Generating keypair
2013-10-15 14:22:55 [INFO] Starting Minecraft server on *:25565
2013-10-15 14:22:56 [INFO] Preparing level "world"
2013-10-15 14:22:56 [INFO] Registered command debug with permission node vanilla.command.debug
2013-10-15 14:22:56 [INFO] Registered command spreadplayers with permission node vanilla.command.spreadplayers
2013-10-15 14:22:56 [INFO] Registered command playsound with permission node vanilla.command.playsound
2013-10-15 14:22:56 [INFO] Registered command scoreboard with permission node vanilla.command.scoreboard
2013-10-15 14:22:56 [INFO] -------- World Settings For [world] --------
2013-10-15 14:22:56 [INFO] Experience Merge Radius: 3.0
2013-10-15 14:22:56 [INFO] Chunks to Grow per Tick: 650
2013-10-15 14:22:56 [INFO] Entity Activation Range: An 32 / Mo 32 / Mi 16
2013-10-15 14:22:56 [INFO] Cactus Growth Modifier: 100%
2013-10-15 14:22:56 [INFO] Cane Growth Modifier: 100%
2013-10-15 14:22:56 [INFO] Melon Growth Modifier: 100%
2013-10-15 14:22:56 [INFO] Mushroom Growth Modifier: 100%
2013-10-15 14:22:56 [INFO] Pumpkin Growth Modifier: 100%
2013-10-15 14:22:56 [INFO] Sapling Growth Modifier: 100%
2013-10-15 14:22:56 [INFO] Wheat Growth Modifier: 100%
2013-10-15 14:22:56 [INFO] Mob Spawn Range: 4
2013-10-15 14:22:56 [INFO] Structure Info Saving: true
2013-10-15 14:22:56 [INFO] Entity Tracking Range: Pl 48 / An 48 / Mo 48 / Mi 32 / Other 64
2013-10-15 14:22:56 [INFO] View Distance: 10
2013-10-15 14:22:56 [INFO] Item Merge Radius: 2.5
2013-10-15 14:22:56 [INFO] Anti X-Ray: false
2013-10-15 14:22:56 [INFO] 	Engine Mode: 1
2013-10-15 14:22:56 [INFO] 	Blocks: [1, 5, 14, 15, 16, 21, 48, 49, 54, 56, 73, 74, 82, 129, 130]
2013-10-15 14:22:56 [INFO] Hopper Transfer: 8 Hopper Check: 8
2013-10-15 14:22:56 [INFO] Random Lighting Updates: false
2013-10-15 14:22:56 [INFO] Item Despawn Rate: 6000
2013-10-15 14:22:57 [INFO] -------- World Settings For [DIM1] --------
2013-10-15 14:22:57 [INFO] Experience Merge Radius: 3.0
2013-10-15 14:22:57 [INFO] Chunks to Grow per Tick: 650
2013-10-15 14:22:57 [INFO] Entity Activation Range: An 32 / Mo 32 / Mi 16
2013-10-15 14:22:57 [INFO] Cactus Growth Modifier: 100%
2013-10-15 14:22:57 [INFO] Cane Growth Modifier: 100%
2013-10-15 14:22:57 [INFO] Melon Growth Modifier: 100%
2013-10-15 14:22:57 [INFO] Mushroom Growth Modifier: 100%
2013-10-15 14:22:57 [INFO] Pumpkin Growth Modifier: 100%
2013-10-15 14:22:57 [INFO] Sapling Growth Modifier: 100%
2013-10-15 14:22:57 [INFO] Wheat Growth Modifier: 100%
2013-10-15 14:22:57 [INFO] Mob Spawn Range: 4
2013-10-15 14:22:57 [INFO] Structure Info Saving: true
2013-10-15 14:22:57 [INFO] Entity Tracking Range: Pl 48 / An 48 / Mo 48 / Mi 32 / Other 64
2013-10-15 14:22:57 [INFO] View Distance: 10
2013-10-15 14:22:57 [INFO] Item Merge Radius: 2.5
2013-10-15 14:22:57 [INFO] Anti X-Ray: false
2013-10-15 14:22:57 [INFO] 	Engine Mode: 1
2013-10-15 14:22:57 [INFO] 	Blocks: [1, 5, 14, 15, 16, 21, 48, 49, 54, 56, 73, 74, 82, 129, 130]
2013-10-15 14:22:57 [INFO] Hopper Transfer: 8 Hopper Check: 8
2013-10-15 14:22:57 [INFO] Random Lighting Updates: false
2013-10-15 14:22:57 [INFO] Item Despawn Rate: 6000
2013-10-15 14:22:57 [INFO] -------- World Settings For [DIM-1] --------
2013-10-15 14:22:57 [INFO] Experience Merge Radius: 3.0
2013-10-15 14:22:57 [INFO] Chunks to Grow per Tick: 650
2013-10-15 14:22:57 [INFO] Entity Activation Range: An 32 / Mo 32 / Mi 16
2013-10-15 14:22:57 [INFO] Cactus Growth Modifier: 100%
2013-10-15 14:22:57 [INFO] Cane Growth Modifier: 100%
2013-10-15 14:22:57 [INFO] Melon Growth Modifier: 100%
2013-10-15 14:22:57 [INFO] Mushroom Growth Modifier: 100%
2013-10-15 14:22:57 [INFO] Pumpkin Growth Modifier: 100%
2013-10-15 14:22:57 [INFO] Sapling Growth Modifier: 100%
2013-10-15 14:22:57 [INFO] Wheat Growth Modifier: 100%
2013-10-15 14:22:57 [INFO] Mob Spawn Range: 4
2013-10-15 14:22:57 [INFO] Structure Info Saving: true
2013-10-15 14:22:57 [INFO] Entity Tracking Range: Pl 48 / An 48 / Mo 48 / Mi 32 / Other 64
2013-10-15 14:22:57 [INFO] View Distance: 10
2013-10-15 14:22:57 [INFO] Item Merge Radius: 2.5
2013-10-15 14:22:57 [INFO] Anti X-Ray: false
2013-10-15 14:22:57 [INFO] 	Engine Mode: 1
2013-10-15 14:22:57 [INFO] 	Blocks: [1, 5, 14, 15, 16, 21, 48, 49, 54, 56, 73, 74, 82, 129, 130]
2013-10-15 14:22:57 [INFO] Hopper Transfer: 8 Hopper Check: 8
2013-10-15 14:22:57 [INFO] Random Lighting Updates: false
2013-10-15 14:22:57 [INFO] Item Despawn Rate: 6000
2013-10-15 14:22:57 [INFO] Preparing start region for level 0 (Dimension: 0, Seed: 5016672573628497892)
2013-10-15 14:22:57 [INFO] Preparing start region for level 1 (Dimension: 1, Seed: -7312308760283451909)
2013-10-15 14:22:58 [INFO] Preparing start region for level 2 (Dimension: -1, Seed: -7312308760283451909)
2013-10-15 14:22:58 [INFO] Server permissions file permissions.yml is empty, ignoring it
2013-10-15 14:22:58 [INFO] Done (1.574s)! For help, type "help" or "?"
2013-10-15 14:22:58 [INFO] Registered command forge with permission node net.minecraftforge.server.command.ForgeCommand
2013-10-15 14:22:58 [INFO] Loading NEI
2013-10-15 14:23:08 [INFO] CONSOLE: Stopping the server..[m
2013-10-15 14:23:08 [INFO] Stopping server
2013-10-15 14:23:08 [INFO] Saving players
2013-10-15 14:23:08 [INFO] Saving worlds
2013-10-15 14:23:08 [INFO] Saving chunks for level 'world'/Overworld
2013-10-15 14:23:08 [WARNING] DSCT: socket closed
2013-10-15 14:23:08 [INFO] Closing listening thread
2013-10-15 14:23:08 [INFO] Saving chunks for level 'DIM1'/The End
2013-10-15 14:23:08 [INFO] Saving chunks for level 'DIM-1'/Nether
2013-10-15 14:34:45 [INFO] Starting minecraft server version 1.6.4
2013-10-15 14:34:45 [INFO] MinecraftForge v
2013-10-15 14:34:45 [INFO] 9.11.1.933
2013-10-15 14:34:45 [INFO]  Initialized

2013-10-15 14:34:45 [INFO] Replaced 101 ore recipies
2013-10-15 14:34:48 [INFO] Loading properties
2013-10-15 14:34:48 [INFO] Default game type: SURVIVAL
2013-10-15 14:34:48 [INFO] This server is running MCPC+ version git-MCPC-Plus-jenkins-MCPC-Plus-98 (MC: 1.6.4) (Implementing API version 1.6.4-R0.1-SNAPSHOT)
2013-10-15 14:34:48 [SEVERE] This version of MCPC+ handles chunk loading better if load-chunk-on-request is set to false. Please consider changing this value in your bukkit.yml
2013-10-15 14:34:48 [INFO] Generating keypair
2013-10-15 14:34:49 [INFO] Starting Minecraft server on *:25565
2013-10-15 14:34:49 [INFO] Adding biome mapping 160 Ocean Oil Field at BiomeBase[160]
2013-10-15 14:34:49 [INFO] Adding biome mapping 161 Desert Oil Field at BiomeBase[161]
2013-10-15 14:34:49 [INFO] Preparing level "world"
2013-10-15 14:34:49 [INFO] Registered command debug with permission node vanilla.command.debug
2013-10-15 14:34:49 [INFO] Registered command spreadplayers with permission node vanilla.command.spreadplayers
2013-10-15 14:34:49 [INFO] Registered command playsound with permission node vanilla.command.playsound
2013-10-15 14:34:49 [INFO] Registered command scoreboard with permission node vanilla.command.scoreboard
2013-10-15 14:34:50 [INFO] -------- World Settings For [world] --------
2013-10-15 14:34:50 [INFO] Experience Merge Radius: 3.0
2013-10-15 14:34:50 [INFO] View Distance: 10
2013-10-15 14:34:50 [INFO] Mob Spawn Range: 4
2013-10-15 14:34:50 [INFO] Entity Activation Range: An 32 / Mo 32 / Mi 16
2013-10-15 14:34:50 [INFO] Structure Info Saving: true
2013-10-15 14:34:50 [INFO] Cactus Growth Modifier: 100%
2013-10-15 14:34:50 [INFO] Cane Growth Modifier: 100%
2013-10-15 14:34:50 [INFO] Melon Growth Modifier: 100%
2013-10-15 14:34:50 [INFO] Mushroom Growth Modifier: 100%
2013-10-15 14:34:50 [INFO] Pumpkin Growth Modifier: 100%
2013-10-15 14:34:50 [INFO] Sapling Growth Modifier: 100%
2013-10-15 14:34:50 [INFO] Wheat Growth Modifier: 100%
2013-10-15 14:34:50 [INFO] Item Merge Radius: 2.5
2013-10-15 14:34:50 [INFO] Item Despawn Rate: 6000
2013-10-15 14:34:50 [INFO] Random Lighting Updates: false
2013-10-15 14:34:50 [INFO] Anti X-Ray: false
2013-10-15 14:34:50 [INFO] 	Engine Mode: 1
2013-10-15 14:34:50 [INFO] 	Blocks: [1, 5, 14, 15, 16, 21, 48, 49, 54, 56, 73, 74, 82, 129, 130]
2013-10-15 14:34:50 [INFO] Hopper Transfer: 8 Hopper Check: 8
2013-10-15 14:34:50 [INFO] Entity Tracking Range: Pl 48 / An 48 / Mo 48 / Mi 32 / Other 64
2013-10-15 14:34:50 [INFO] Chunks to Grow per Tick: 650
2013-10-15 14:34:50 [INFO] -------- World Settings For [DIM1] --------
2013-10-15 14:34:50 [INFO] Experience Merge Radius: 3.0
2013-10-15 14:34:50 [INFO] View Distance: 10
2013-10-15 14:34:50 [INFO] Mob Spawn Range: 4
2013-10-15 14:34:50 [INFO] Entity Activation Range: An 32 / Mo 32 / Mi 16
2013-10-15 14:34:50 [INFO] Structure Info Saving: true
2013-10-15 14:34:50 [INFO] Cactus Growth Modifier: 100%
2013-10-15 14:34:50 [INFO] Cane Growth Modifier: 100%
2013-10-15 14:34:50 [INFO] Melon Growth Modifier: 100%
2013-10-15 14:34:50 [INFO] Mushroom Growth Modifier: 100%
2013-10-15 14:34:50 [INFO] Pumpkin Growth Modifier: 100%
2013-10-15 14:34:50 [INFO] Sapling Growth Modifier: 100%
2013-10-15 14:34:50 [INFO] Wheat Growth Modifier: 100%
2013-10-15 14:34:50 [INFO] Item Merge Radius: 2.5
2013-10-15 14:34:50 [INFO] Item Despawn Rate: 6000
2013-10-15 14:34:50 [INFO] Random Lighting Updates: false
2013-10-15 14:34:50 [INFO] Anti X-Ray: false
2013-10-15 14:34:50 [INFO] 	Engine Mode: 1
2013-10-15 14:34:50 [INFO] 	Blocks: [1, 5, 14, 15, 16, 21, 48, 49, 54, 56, 73, 74, 82, 129, 130]
2013-10-15 14:34:50 [INFO] Hopper Transfer: 8 Hopper Check: 8
2013-10-15 14:34:50 [INFO] Entity Tracking Range: Pl 48 / An 48 / Mo 48 / Mi 32 / Other 64
2013-10-15 14:34:50 [INFO] Chunks to Grow per Tick: 650
2013-10-15 14:34:50 [INFO] -------- World Settings For [DIM-1] --------
2013-10-15 14:34:50 [INFO] Experience Merge Radius: 3.0
2013-10-15 14:34:50 [INFO] View Distance: 10
2013-10-15 14:34:50 [INFO] Mob Spawn Range: 4
2013-10-15 14:34:50 [INFO] Entity Activation Range: An 32 / Mo 32 / Mi 16
2013-10-15 14:34:50 [INFO] Structure Info Saving: true
2013-10-15 14:34:50 [INFO] Cactus Growth Modifier: 100%
2013-10-15 14:34:50 [INFO] Cane Growth Modifier: 100%
2013-10-15 14:34:50 [INFO] Melon Growth Modifier: 100%
2013-10-15 14:34:50 [INFO] Mushroom Growth Modifier: 100%
2013-10-15 14:34:50 [INFO] Pumpkin Growth Modifier: 100%
2013-10-15 14:34:50 [INFO] Sapling Growth Modifier: 100%
2013-10-15 14:34:50 [INFO] Wheat Growth Modifier: 100%
2013-10-15 14:34:50 [INFO] Item Merge Radius: 2.5
2013-10-15 14:34:50 [INFO] Item Despawn Rate: 6000
2013-10-15 14:34:50 [INFO] Random Lighting Updates: false
2013-10-15 14:34:50 [INFO] Anti X-Ray: false
2013-10-15 14:34:50 [INFO] 	Engine Mode: 1
2013-10-15 14:34:50 [INFO] 	Blocks: [1, 5, 14, 15, 16, 21, 48, 49, 54, 56, 73, 74, 82, 129, 130]
2013-10-15 14:34:50 [INFO] Hopper Transfer: 8 Hopper Check: 8
2013-10-15 14:34:50 [INFO] Entity Tracking Range: Pl 48 / An 48 / Mo 48 / Mi 32 / Other 64
2013-10-15 14:34:50 [INFO] Chunks to Grow per Tick: 650
2013-10-15 14:34:50 [INFO] Preparing start region for level 0 (Dimension: 0, Seed: 5016672573628497892)
2013-10-15 14:34:50 [INFO] Preparing start region for level 1 (Dimension: 1, Seed: 8478186180728159978)
2013-10-15 14:34:51 [INFO] Preparing start region for level 2 (Dimension: -1, Seed: 8478186180728159978)
2013-10-15 14:34:51 [INFO] Server permissions file permissions.yml is empty, ignoring it
2013-10-15 14:34:51 [INFO] Done (1.585s)! For help, type "help" or "?"
2013-10-15 14:34:51 [INFO] Registered command forge with permission node net.minecraftforge.server.command.ForgeCommand
2013-10-15 14:34:51 [INFO] Registered command buildcraft with permission node buildcraft.core.CommandBuildCraft
2013-10-15 14:34:51 [INFO] Loading NEI
2013-10-15 14:35:16 [INFO] CONSOLE: Stopping the server..[m
2013-10-15 14:35:16 [INFO] Stopping server
2013-10-15 14:35:16 [INFO] Saving players
2013-10-15 14:35:16 [INFO] Saving worlds
2013-10-15 14:35:16 [INFO] Saving chunks for level 'world'/Overworld
2013-10-15 14:35:16 [WARNING] DSCT: socket closed
2013-10-15 14:35:16 [INFO] Closing listening thread
2013-10-15 14:35:16 [INFO] Saving chunks for level 'DIM-1'/Nether
2013-10-15 14:53:28 [INFO] Starting minecraft server version 1.6.4
2013-10-15 14:53:28 [INFO] MinecraftForge v
2013-10-15 14:53:28 [INFO] 9.11.1.933
2013-10-15 14:53:28 [INFO]  Initialized

2013-10-15 14:53:29 [INFO] Replaced 101 ore recipies
2013-10-15 14:53:32 [INFO] [UniversalElectricity] Loading compatibility API version 1.3.3
2013-10-15 14:53:32 [INFO] [UniversalElectricity] Compiled with IndustrialCraft API version @ICxVersion@
2013-10-15 14:53:32 [INFO] [UniversalElectricity] Compiled with BuildCraft API version @BCxVersion@
2013-10-15 14:53:32 [INFO] [UniversalElectricity] Compiled with ThermalExpansion  API version @TExVersion@
2013-10-15 14:53:32 [INFO] [UniversalElectricity] Loading compatibility API version 1.3.3
2013-10-15 14:53:32 [INFO] [UniversalElectricity] Compiled with IndustrialCraft API version @ICxVersion@
2013-10-15 14:53:32 [INFO] [UniversalElectricity] Compiled with BuildCraft API version @BCxVersion@
2013-10-15 14:53:32 [INFO] [UniversalElectricity] Compiled with ThermalExpansion  API version @TExVersion@
2013-10-15 14:53:32 [INFO] 4
2013-10-15 14:53:34 [INFO] Loading properties
2013-10-15 14:53:34 [INFO] Default game type: SURVIVAL
2013-10-15 14:53:34 [INFO] This server is running MCPC+ version git-MCPC-Plus-jenkins-MCPC-Plus-98 (MC: 1.6.4) (Implementing API version 1.6.4-R0.1-SNAPSHOT)
2013-10-15 14:53:34 [SEVERE] This version of MCPC+ handles chunk loading better if load-chunk-on-request is set to false. Please consider changing this value in your bukkit.yml
2013-10-15 14:53:34 [INFO] Generating keypair
2013-10-15 14:53:34 [INFO] Starting Minecraft server on *:25565
2013-10-15 14:53:34 [INFO] Adding biome mapping 160 Ocean Oil Field at BiomeBase[160]
2013-10-15 14:53:34 [INFO] Adding biome mapping 161 Desert Oil Field at BiomeBase[161]
2013-10-15 14:53:34 [INFO] [UniversalElectricity] Loading compatibility API version 1.3.3
2013-10-15 14:53:34 [INFO] [UniversalElectricity] Compiled with IndustrialCraft API version @ICxVersion@
2013-10-15 14:53:34 [INFO] [UniversalElectricity] Compiled with BuildCraft API version @BCxVersion@
2013-10-15 14:53:34 [INFO] [UniversalElectricity] Compiled with ThermalExpansion  API version @TExVersion@
2013-10-15 14:53:34 [INFO] Decomposerrecipe1
2013-10-15 14:53:34 [INFO] false
2013-10-15 14:53:34 [INFO] MINECHEM RECIPE REGISTRY7:0
2013-10-15 14:53:34 [INFO] ljdp.minechem.api.core.Element@720776a5
2013-10-15 14:53:35 [INFO] IC2 API: Call getItem failed for electronicCircuit
2013-10-15 14:53:35 [INFO] IC2 API: Call getItem failed for advancedCircuit
2013-10-15 14:53:35 [INFO] IC2 API: Call getItem failed for iridiumPlate
2013-10-15 14:53:35 [INFO] IC2 API: Call getItem failed for energyCrystal
2013-10-15 14:53:35 [INFO] IC2 API: Call getItem failed for reBattery
2013-10-15 14:53:35 [INFO] IC2 API: Call getItem failed for batBox
2013-10-15 14:53:35 [INFO] IC2 API: Call getItem failed for wrench
2013-10-15 14:53:35 [INFO] IC2 API: Call getItem failed for generator
2013-10-15 14:53:35 [INFO] Preparing level "world"
2013-10-15 14:53:35 [INFO] Registered command debug with permission node vanilla.command.debug
2013-10-15 14:53:35 [INFO] Registered command spreadplayers with permission node vanilla.command.spreadplayers
2013-10-15 14:53:35 [INFO] Registered command playsound with permission node vanilla.command.playsound
2013-10-15 14:53:35 [INFO] Registered command scoreboard with permission node vanilla.command.scoreboard
2013-10-15 14:53:35 [INFO] -------- World Settings For [world] --------
2013-10-15 14:53:35 [INFO] Entity Tracking Range: Pl 48 / An 48 / Mo 48 / Mi 32 / Other 64
2013-10-15 14:53:35 [INFO] Hopper Transfer: 8 Hopper Check: 8
2013-10-15 14:53:35 [INFO] Anti X-Ray: false
2013-10-15 14:53:35 [INFO] 	Engine Mode: 1
2013-10-15 14:53:35 [INFO] 	Blocks: [1, 5, 14, 15, 16, 21, 48, 49, 54, 56, 73, 74, 82, 129, 130]
2013-10-15 14:53:35 [INFO] Random Lighting Updates: false
2013-10-15 14:53:35 [INFO] View Distance: 10
2013-10-15 14:53:35 [INFO] Experience Merge Radius: 3.0
2013-10-15 14:53:35 [INFO] Chunks to Grow per Tick: 650
2013-10-15 14:53:35 [INFO] Item Merge Radius: 2.5
2013-10-15 14:53:35 [INFO] Item Despawn Rate: 6000
2013-10-15 14:53:35 [INFO] Mob Spawn Range: 4
2013-10-15 14:53:35 [INFO] Cactus Growth Modifier: 100%
2013-10-15 14:53:35 [INFO] Cane Growth Modifier: 100%
2013-10-15 14:53:35 [INFO] Melon Growth Modifier: 100%
2013-10-15 14:53:35 [INFO] Mushroom Growth Modifier: 100%
2013-10-15 14:53:35 [INFO] Pumpkin Growth Modifier: 100%
2013-10-15 14:53:35 [INFO] Sapling Growth Modifier: 100%
2013-10-15 14:53:35 [INFO] Wheat Growth Modifier: 100%
2013-10-15 14:53:35 [INFO] Entity Activation Range: An 32 / Mo 32 / Mi 16
2013-10-15 14:53:35 [INFO] Structure Info Saving: true
2013-10-15 14:53:35 [INFO] -------- World Settings For [DIM1] --------
2013-10-15 14:53:35 [INFO] Entity Tracking Range: Pl 48 / An 48 / Mo 48 / Mi 32 / Other 64
2013-10-15 14:53:35 [INFO] Hopper Transfer: 8 Hopper Check: 8
2013-10-15 14:53:35 [INFO] Anti X-Ray: false
2013-10-15 14:53:35 [INFO] 	Engine Mode: 1
2013-10-15 14:53:35 [INFO] 	Blocks: [1, 5, 14, 15, 16, 21, 48, 49, 54, 56, 73, 74, 82, 129, 130]
2013-10-15 14:53:35 [INFO] Random Lighting Updates: false
2013-10-15 14:53:35 [INFO] View Distance: 10
2013-10-15 14:53:35 [INFO] Experience Merge Radius: 3.0
2013-10-15 14:53:35 [INFO] Chunks to Grow per Tick: 650
2013-10-15 14:53:35 [INFO] Item Merge Radius: 2.5
2013-10-15 14:53:35 [INFO] Item Despawn Rate: 6000
2013-10-15 14:53:35 [INFO] Mob Spawn Range: 4
2013-10-15 14:53:35 [INFO] Cactus Growth Modifier: 100%
2013-10-15 14:53:35 [INFO] Cane Growth Modifier: 100%
2013-10-15 14:53:35 [INFO] Melon Growth Modifier: 100%
2013-10-15 14:53:35 [INFO] Mushroom Growth Modifier: 100%
2013-10-15 14:53:35 [INFO] Pumpkin Growth Modifier: 100%
2013-10-15 14:53:35 [INFO] Sapling Growth Modifier: 100%
2013-10-15 14:53:35 [INFO] Wheat Growth Modifier: 100%
2013-10-15 14:53:35 [INFO] Entity Activation Range: An 32 / Mo 32 / Mi 16
2013-10-15 14:53:35 [INFO] Structure Info Saving: true
2013-10-15 14:53:35 [INFO] -------- World Settings For [DIM-1] --------
2013-10-15 14:53:35 [INFO] Entity Tracking Range: Pl 48 / An 48 / Mo 48 / Mi 32 / Other 64
2013-10-15 14:53:35 [INFO] Hopper Transfer: 8 Hopper Check: 8
2013-10-15 14:53:35 [INFO] Anti X-Ray: false
2013-10-15 14:53:35 [INFO] 	Engine Mode: 1
2013-10-15 14:53:35 [INFO] 	Blocks: [1, 5, 14, 15, 16, 21, 48, 49, 54, 56, 73, 74, 82, 129, 130]
2013-10-15 14:53:35 [INFO] Random Lighting Updates: false
2013-10-15 14:53:35 [INFO] View Distance: 10
2013-10-15 14:53:35 [INFO] Experience Merge Radius: 3.0
2013-10-15 14:53:35 [INFO] Chunks to Grow per Tick: 650
2013-10-15 14:53:35 [INFO] Item Merge Radius: 2.5
2013-10-15 14:53:35 [INFO] Item Despawn Rate: 6000
2013-10-15 14:53:35 [INFO] Mob Spawn Range: 4
2013-10-15 14:53:35 [INFO] Cactus Growth Modifier: 100%
2013-10-15 14:53:35 [INFO] Cane Growth Modifier: 100%
2013-10-15 14:53:35 [INFO] Melon Growth Modifier: 100%
2013-10-15 14:53:35 [INFO] Mushroom Growth Modifier: 100%
2013-10-15 14:53:35 [INFO] Pumpkin Growth Modifier: 100%
2013-10-15 14:53:35 [INFO] Sapling Growth Modifier: 100%
2013-10-15 14:53:35 [INFO] Wheat Growth Modifier: 100%
2013-10-15 14:53:35 [INFO] Entity Activation Range: An 32 / Mo 32 / Mi 16
2013-10-15 14:53:35 [INFO] Structure Info Saving: true
2013-10-15 14:53:35 [INFO] Preparing start region for level 0 (Dimension: 0, Seed: 5016672573628497892)
2013-10-15 14:53:36 [INFO] Preparing start region for level 1 (Dimension: 1, Seed: 1167796757382385949)
2013-10-15 14:53:36 [INFO] Preparing start region for level 2 (Dimension: -1, Seed: 1167796757382385949)
2013-10-15 14:53:36 [INFO] Server permissions file permissions.yml is empty, ignoring it
2013-10-15 14:53:36 [INFO] Done (1,356s)! For help, type "help" or "?"
2013-10-15 14:53:36 [INFO] Registered command forge with permission node net.minecraftforge.server.command.ForgeCommand
2013-10-15 14:53:36 [INFO] Registered command buildcraft with permission node buildcraft.core.CommandBuildCraft
2013-10-15 14:53:36 [INFO] Registered command modflag with permission node calclavia.lib.flag.CommandFlag
2013-10-15 14:53:36 [INFO] Registered command modflag with permission node calclavia.lib.flag.CommandFlag
2013-10-15 14:53:36 [INFO] Registered command icbm with permission node icbm.explosion.ICBMCommand
2013-10-15 14:53:36 [INFO] Loading NEI
2013-10-15 14:57:44 [INFO] KetsuekiN[/127.0.0.1:60053] logged in with entity id 172 at ([world] -233.5, 61.0, 233.5)
2013-10-15 14:57:44 [INFO] Loading Player: KetsuekiN
2013-10-15 14:57:44 [INFO] Sending serverside check to: KetsuekiN
2013-10-15 14:58:39 [INFO] CONSOLE: Opped ketsuekin[m
2013-10-15 14:58:39 [INFO] Sending serverside check to: KetsuekiN
2013-10-15 15:00:06 [INFO] [0;35;1m[Server[0;35;1m] ninja[m
2013-10-15 15:00:43 [INFO] Connection reset
2013-10-15 15:00:43 [INFO] KetsuekiN lost connection: disconnect.quitting
2013-10-15 15:00:43 [INFO] Unloading Player: KetsuekiN
2013-10-15 15:00:43 [INFO] §eKetsuekiN left the game.
